This is pdfTeX, Version 3.14159265-2.6-1.40.20 (MiKTeX 2.9.7250 64-bit) (preloaded format=pdflatex 2020.1.8)  18 JAN 2020 17:46
entering extended mode
**./document.tex
(document.tex
LaTeX2e <2019-10-01> patch level 3
("C:\Program Files\MiKTeX 2.9\tex/latex/base\article.cls"
Document Class: article 2019/10/25 v1.4k Standard LaTeX document class
("C:\Program Files\MiKTeX 2.9\tex/latex/base\size12.clo"
File: size12.clo 2019/10/25 v1.4k Standard LaTeX file (size option)
)
\c@part=\count80
\c@section=\count81
\c@subsection=\count82
\c@subsubsection=\count83
\c@paragraph=\count84
\c@subparagraph=\count85
\c@figure=\count86
\c@table=\count87
\abovecaptionskip=\skip41
\belowcaptionskip=\skip42
\bibindent=\dimen102
)
("C:\Program Files\MiKTeX 2.9\tex/generic/babel\babel.sty"
Package: babel 2019/11/14 3.36 The Babel package

("C:\Program Files\MiKTeX 2.9\tex/generic/babel\switch.def"
File: switch.def 2019/11/14 3.36 Babel switching mechanism
)
*************************************
* Local config file bblopts.cfg used
*
("C:\Program Files\MiKTeX 2.9\tex/latex/arabi\bblopts.cfg"
File: bblopts.cfg 2005/09/08 v0.1 add Arabic and Farsi to "declared" options of
 babel
)
("C:\Program Files\MiKTeX 2.9\tex/latex/babel-german\ngerman.ldf"
Language: ngerman 2018/12/08 v2.11 German support for babel (post-1996 orthogra
phy)

("C:\Program Files\MiKTeX 2.9\tex/latex/babel-german\ngermanb.ldf"
Language: ngermanb 2018/12/08 v2.11 German support for babel (post-1996 orthogr
aphy)

("C:\Program Files\MiKTeX 2.9\tex/generic/babel\babel.def"
File: babel.def 2019/11/14 3.36 Babel common definitions
\babel@savecnt=\count88
\U@D=\dimen103

("C:\Program Files\MiKTeX 2.9\tex/generic/babel\txtbabel.def")
\bbl@dirlevel=\count89
)
Package babel Info: Making " an active character on input line 121.
)))
("C:\Program Files\MiKTeX 2.9\tex/latex/base\inputenc.sty"
Package: inputenc 2018/08/11 v1.3c Input encoding file
\inpenc@prehook=\toks14
\inpenc@posthook=\toks15

("C:\Program Files\MiKTeX 2.9\tex/latex/base\latin1.def"
File: latin1.def 2018/08/11 v1.3c Input encoding file
))
("C:\Program Files\MiKTeX 2.9\tex/latex/base\fontenc.sty"
Package: fontenc 2018/08/11 v2.0j Standard LaTeX package

("C:\Program Files\MiKTeX 2.9\tex/latex/base\t1enc.def"
File: t1enc.def 2018/08/11 v2.0j Standard LaTeX file
LaTeX Font Info:    Redeclaring font encoding T1 on input line 48.
))
(C:\Users\nicol\AppData\Roaming\MiKTeX\2.9\tex/latex/parskip\parskip.sty
Package: parskip 2019-01-16 v2.0c non-zero parskip adjustments

(C:\Users\nicol\AppData\Roaming\MiKTeX\2.9\tex/latex/kvoptions\kvoptions.sty
Package: kvoptions 2019/11/29 v3.13 Key value format for package options (HO)

("C:\Program Files\MiKTeX 2.9\tex/latex/graphics\keyval.sty"
Package: keyval 2014/10/28 v1.15 key=value parser (DPC)
\KV@toks@=\toks16
)
(C:\Users\nicol\AppData\Roaming\MiKTeX\2.9\tex/generic/ltxcmds\ltxcmds.sty
Package: ltxcmds 2019/12/15 v1.24 LaTeX kernel commands for general use (HO)
)
(C:\Users\nicol\AppData\Roaming\MiKTeX\2.9\tex/generic/kvsetkeys\kvsetkeys.sty
Package: kvsetkeys 2019/12/15 v1.18 Key value parser (HO)
)) ("C:\Program Files\MiKTeX 2.9\tex/latex/etoolbox\etoolbox.sty"
Package: etoolbox 2019/09/21 v2.5h e-TeX tools for LaTeX (JAW)
\etb@tempcnta=\count90
))
(C:\Users\nicol\AppData\Roaming\MiKTeX\2.9\tex/latex/float\float.sty
Package: float 2001/11/08 v1.3d Float enhancements (AL)
\c@float@type=\count91
\float@exts=\toks17
\float@box=\box27
\@float@everytoks=\toks18
\@floatcapt=\box28
)
(C:\Users\nicol\AppData\Roaming\MiKTeX\2.9\tex/latex/caption\caption.sty
Package: caption 2020/01/03 v3.4h Customizing captions (AR)

(C:\Users\nicol\AppData\Roaming\MiKTeX\2.9\tex/latex/caption\caption3.sty
Package: caption3 2020/01/03 v1.8h caption3 kernel (AR)
Package caption3 Info: TeX engine: e-TeX on input line 61.
\captionmargin=\dimen104
\captionmargin@=\dimen105
\captionwidth=\dimen106
\caption@tempdima=\dimen107
\caption@indent=\dimen108
\caption@parindent=\dimen109
\caption@hangindent=\dimen110
Package caption Info: Standard document class detected.
)
\c@caption@flags=\count92
\c@continuedfloat=\count93
Package caption Info: float package is loaded.
)
("C:\Program Files\MiKTeX 2.9\tex/latex/hyperref\nameref.sty"
Package: nameref 2019/09/16 v2.46 Cross-referencing by name of section

("C:\Program Files\MiKTeX 2.9\tex/latex/oberdiek\refcount.sty"
Package: refcount 2016/05/16 v3.5 Data extraction from label references (HO)

("C:\Program Files\MiKTeX 2.9\tex/generic/oberdiek\infwarerr.sty"
Package: infwarerr 2016/05/16 v1.4 Providing info/warning/error messages (HO)
))
("C:\Program Files\MiKTeX 2.9\tex/generic/oberdiek\gettitlestring.sty"
Package: gettitlestring 2016/05/16 v1.5 Cleanup title references (HO)
)
\c@section@level=\count94
LaTeX Info: Redefining \ref on input line 356.
LaTeX Info: Redefining \pageref on input line 356.
)
("C:\Program Files\MiKTeX 2.9\tex/latex/graphics\graphicx.sty"
Package: graphicx 2017/06/01 v1.1a Enhanced LaTeX Graphics (DPC,SPQR)

("C:\Program Files\MiKTeX 2.9\tex/latex/graphics\graphics.sty"
Package: graphics 2019/11/01 v1.3d Standard LaTeX Graphics (DPC,SPQR)

("C:\Program Files\MiKTeX 2.9\tex/latex/graphics\trig.sty"
Package: trig 2016/01/03 v1.10 sin cos tan (DPC)
)
("C:\Program Files\MiKTeX 2.9\tex/latex/graphics-cfg\graphics.cfg"
File: graphics.cfg 2016/06/04 v1.11 sample graphics configuration
)
Package graphics Info: Driver file: pdftex.def on input line 105.

("C:\Program Files\MiKTeX 2.9\tex/latex/graphics-def\pdftex.def"
File: pdftex.def 2018/01/08 v1.0l Graphics/color driver for pdftex
))
\Gin@req@height=\dimen111
\Gin@req@width=\dimen112
)
("C:\Program Files\MiKTeX 2.9\tex/latex/geometry\geometry.sty"
Package: geometry 2020/01/02 v5.9 Page Geometry

("C:\Program Files\MiKTeX 2.9\tex/generic/iftex\ifvtex.sty"
Package: ifvtex 2019/10/25 v1.7 ifvtex legacy package. Use iftex instead.

("C:\Program Files\MiKTeX 2.9\tex/generic/iftex\iftex.sty"
Package: iftex 2019/11/07 v1.0c TeX engine tests
))
\Gm@cnth=\count95
\Gm@cntv=\count96
\c@Gm@tempcnt=\count97
\Gm@bindingoffset=\dimen113
\Gm@wd@mp=\dimen114
\Gm@odd@mp=\dimen115
\Gm@even@mp=\dimen116
\Gm@layoutwidth=\dimen117
\Gm@layoutheight=\dimen118
\Gm@layouthoffset=\dimen119
\Gm@layoutvoffset=\dimen120
\Gm@dimlist=\toks19

("C:\Program Files\MiKTeX 2.9\tex/latex/geometry\geometry.cfg"))
(C:\Users\nicol\AppData\Roaming\MiKTeX\2.9\tex/latex/setspace\setspace.sty
Package: setspace 2011/12/19 v6.7a set line spacing
)
(C:\Users\nicol\AppData\Roaming\MiKTeX\2.9\tex/latex/psnfss\mathptmx.sty
Package: mathptmx 2005/04/12 PSNFSS-v9.2a Times w/ Math, improved (SPQR, WaS) 
LaTeX Font Info:    Redeclaring symbol font `operators' on input line 28.
LaTeX Font Info:    Overwriting symbol font `operators' in version `normal'
(Font)                  OT1/cmr/m/n --> OT1/ztmcm/m/n on input line 28.
LaTeX Font Info:    Overwriting symbol font `operators' in version `bold'
(Font)                  OT1/cmr/bx/n --> OT1/ztmcm/m/n on input line 28.
LaTeX Font Info:    Redeclaring symbol font `letters' on input line 29.
LaTeX Font Info:    Overwriting symbol font `letters' in version `normal'
(Font)                  OML/cmm/m/it --> OML/ztmcm/m/it on input line 29.
LaTeX Font Info:    Overwriting symbol font `letters' in version `bold'
(Font)                  OML/cmm/b/it --> OML/ztmcm/m/it on input line 29.
LaTeX Font Info:    Redeclaring symbol font `symbols' on input line 30.
LaTeX Font Info:    Overwriting symbol font `symbols' in version `normal'
(Font)                  OMS/cmsy/m/n --> OMS/ztmcm/m/n on input line 30.
LaTeX Font Info:    Overwriting symbol font `symbols' in version `bold'
(Font)                  OMS/cmsy/b/n --> OMS/ztmcm/m/n on input line 30.
LaTeX Font Info:    Redeclaring symbol font `largesymbols' on input line 31.
LaTeX Font Info:    Overwriting symbol font `largesymbols' in version `normal'
(Font)                  OMX/cmex/m/n --> OMX/ztmcm/m/n on input line 31.
LaTeX Font Info:    Overwriting symbol font `largesymbols' in version `bold'
(Font)                  OMX/cmex/m/n --> OMX/ztmcm/m/n on input line 31.
\symbold=\mathgroup4
\symitalic=\mathgroup5
LaTeX Font Info:    Redeclaring math alphabet \mathbf on input line 34.
LaTeX Font Info:    Overwriting math alphabet `\mathbf' in version `normal'
(Font)                  OT1/cmr/bx/n --> OT1/ptm/bx/n on input line 34.
LaTeX Font Info:    Overwriting math alphabet `\mathbf' in version `bold'
(Font)                  OT1/cmr/bx/n --> OT1/ptm/bx/n on input line 34.
LaTeX Font Info:    Redeclaring math alphabet \mathit on input line 35.
LaTeX Font Info:    Overwriting math alphabet `\mathit' in version `normal'
(Font)                  OT1/cmr/m/it --> OT1/ptm/m/it on input line 35.
LaTeX Font Info:    Overwriting math alphabet `\mathit' in version `bold'
(Font)                  OT1/cmr/bx/it --> OT1/ptm/m/it on input line 35.
LaTeX Info: Redefining \hbar on input line 50.
)
(C:\Users\nicol\AppData\Roaming\MiKTeX\2.9\tex/latex/fancyhdr\fancyhdr.sty
Package: fancyhdr 2019/01/31 v3.10 Extensive control of page headers and footer
s
\f@nch@headwidth=\skip43
\f@nch@O@elh=\skip44
\f@nch@O@erh=\skip45
\f@nch@O@olh=\skip46
\f@nch@O@orh=\skip47
\f@nch@O@elf=\skip48
\f@nch@O@erf=\skip49
\f@nch@O@olf=\skip50
\f@nch@O@orf=\skip51
)

Package Fancyhdr Warning: \fancyhead's `E' option without twoside option is use
less on input line 18.


Package Fancyhdr Warning: \fancyhead's `E' option without twoside option is use
less on input line 19.


Package Fancyhdr Warning: \fancyfoot's `E' option without twoside option is use
less on input line 20.

(C:\Users\nicol\AppData\Roaming\MiKTeX\2.9\tex/latex/titlesec\titlesec.sty
Package: titlesec 2019/10/16 v2.13 Sectioning titles
\ttl@box=\box29
\beforetitleunit=\skip52
\aftertitleunit=\skip53
\ttl@plus=\dimen121
\ttl@minus=\dimen122
\ttl@toksa=\toks20
\titlewidth=\dimen123
\titlewidthlast=\dimen124
\titlewidthfirst=\dimen125
)
(C:\Users\nicol\AppData\Roaming\MiKTeX\2.9\tex/latex/pgf/frontendlayer\tikz.sty
(C:\Users\nicol\AppData\Roaming\MiKTeX\2.9\tex/latex/pgf/basiclayer\pgf.sty
(C:\Users\nicol\AppData\Roaming\MiKTeX\2.9\tex/latex/pgf/utilities\pgfrcs.sty
(C:\Users\nicol\AppData\Roaming\MiKTeX\2.9\tex/generic/pgf/utilities\pgfutil-co
mmon.tex
\pgfutil@everybye=\toks21
\pgfutil@tempdima=\dimen126
\pgfutil@tempdimb=\dimen127

(C:\Users\nicol\AppData\Roaming\MiKTeX\2.9\tex/generic/pgf/utilities\pgfutil-co
mmon-lists.tex))
(C:\Users\nicol\AppData\Roaming\MiKTeX\2.9\tex/generic/pgf/utilities\pgfutil-la
tex.def
\pgfutil@abb=\box30
 ("C:\Program Files\MiKTeX 2.9\tex/latex/ms\everyshi.sty"
Package: everyshi 2001/05/15 v3.00 EveryShipout Package (MS)
))
(C:\Users\nicol\AppData\Roaming\MiKTeX\2.9\tex/generic/pgf/utilities\pgfrcs.cod
e.tex
(C:\Users\nicol\AppData\Roaming\MiKTeX\2.9\tex/generic/pgf\pgf.revision.tex)
Package: pgfrcs 2020/01/08 v3.1.5b (3.1.5b)
))
Package: pgf 2020/01/08 v3.1.5b (3.1.5b)

(C:\Users\nicol\AppData\Roaming\MiKTeX\2.9\tex/latex/pgf/basiclayer\pgfcore.sty

(C:\Users\nicol\AppData\Roaming\MiKTeX\2.9\tex/latex/pgf/systemlayer\pgfsys.sty

(C:\Users\nicol\AppData\Roaming\MiKTeX\2.9\tex/generic/pgf/systemlayer\pgfsys.c
ode.tex
Package: pgfsys 2020/01/08 v3.1.5b (3.1.5b)

(C:\Users\nicol\AppData\Roaming\MiKTeX\2.9\tex/generic/pgf/utilities\pgfkeys.co
de.tex
\pgfkeys@pathtoks=\toks22
\pgfkeys@temptoks=\toks23

(C:\Users\nicol\AppData\Roaming\MiKTeX\2.9\tex/generic/pgf/utilities\pgfkeysfil
tered.code.tex
\pgfkeys@tmptoks=\toks24
))
\pgf@x=\dimen128
\pgf@y=\dimen129
\pgf@xa=\dimen130
\pgf@ya=\dimen131
\pgf@xb=\dimen132
\pgf@yb=\dimen133
\pgf@xc=\dimen134
\pgf@yc=\dimen135
\pgf@xd=\dimen136
\pgf@yd=\dimen137
\w@pgf@writea=\write3
\r@pgf@reada=\read1
\c@pgf@counta=\count98
\c@pgf@countb=\count99
\c@pgf@countc=\count100
\c@pgf@countd=\count101
\t@pgf@toka=\toks25
\t@pgf@tokb=\toks26
\t@pgf@tokc=\toks27
\pgf@sys@id@count=\count102

(C:\Users\nicol\AppData\Roaming\MiKTeX\2.9\tex/generic/pgf/systemlayer\pgf.cfg
File: pgf.cfg 2020/01/08 v3.1.5b (3.1.5b)
)
Driver file for pgf: pgfsys-pdftex.def

(C:\Users\nicol\AppData\Roaming\MiKTeX\2.9\tex/generic/pgf/systemlayer\pgfsys-p
dftex.def
File: pgfsys-pdftex.def 2020/01/08 v3.1.5b (3.1.5b)

(C:\Users\nicol\AppData\Roaming\MiKTeX\2.9\tex/generic/pgf/systemlayer\pgfsys-c
ommon-pdf.def
File: pgfsys-common-pdf.def 2020/01/08 v3.1.5b (3.1.5b)
)))
(C:\Users\nicol\AppData\Roaming\MiKTeX\2.9\tex/generic/pgf/systemlayer\pgfsysso
ftpath.code.tex
File: pgfsyssoftpath.code.tex 2020/01/08 v3.1.5b (3.1.5b)
\pgfsyssoftpath@smallbuffer@items=\count103
\pgfsyssoftpath@bigbuffer@items=\count104
)
(C:\Users\nicol\AppData\Roaming\MiKTeX\2.9\tex/generic/pgf/systemlayer\pgfsyspr
otocol.code.tex
File: pgfsysprotocol.code.tex 2020/01/08 v3.1.5b (3.1.5b)
)) ("C:\Program Files\MiKTeX 2.9\tex/latex/xcolor\xcolor.sty"
Package: xcolor 2016/05/11 v2.12 LaTeX color extensions (UK)

("C:\Program Files\MiKTeX 2.9\tex/latex/graphics-cfg\color.cfg"
File: color.cfg 2016/01/02 v1.6 sample color configuration
)
Package xcolor Info: Driver file: pdftex.def on input line 225.
Package xcolor Info: Model `cmy' substituted by `cmy0' on input line 1348.
Package xcolor Info: Model `hsb' substituted by `rgb' on input line 1352.
Package xcolor Info: Model `RGB' extended on input line 1364.
Package xcolor Info: Model `HTML' substituted by `rgb' on input line 1366.
Package xcolor Info: Model `Hsb' substituted by `hsb' on input line 1367.
Package xcolor Info: Model `tHsb' substituted by `hsb' on input line 1368.
Package xcolor Info: Model `HSB' substituted by `hsb' on input line 1369.
Package xcolor Info: Model `Gray' substituted by `gray' on input line 1370.
Package xcolor Info: Model `wave' substituted by `hsb' on input line 1371.
)
(C:\Users\nicol\AppData\Roaming\MiKTeX\2.9\tex/generic/pgf/basiclayer\pgfcore.c
ode.tex
Package: pgfcore 2020/01/08 v3.1.5b (3.1.5b)

(C:\Users\nicol\AppData\Roaming\MiKTeX\2.9\tex/generic/pgf/math\pgfmath.code.te
x
(C:\Users\nicol\AppData\Roaming\MiKTeX\2.9\tex/generic/pgf/math\pgfmathcalc.cod
e.tex
(C:\Users\nicol\AppData\Roaming\MiKTeX\2.9\tex/generic/pgf/math\pgfmathutil.cod
e.tex)
(C:\Users\nicol\AppData\Roaming\MiKTeX\2.9\tex/generic/pgf/math\pgfmathparser.c
ode.tex
\pgfmath@dimen=\dimen138
\pgfmath@count=\count105
\pgfmath@box=\box31
\pgfmath@toks=\toks28
\pgfmath@stack@operand=\toks29
\pgfmath@stack@operation=\toks30
)
(C:\Users\nicol\AppData\Roaming\MiKTeX\2.9\tex/generic/pgf/math\pgfmathfunction
s.code.tex
(C:\Users\nicol\AppData\Roaming\MiKTeX\2.9\tex/generic/pgf/math\pgfmathfunction
s.basic.code.tex)
(C:\Users\nicol\AppData\Roaming\MiKTeX\2.9\tex/generic/pgf/math\pgfmathfunction
s.trigonometric.code.tex)
(C:\Users\nicol\AppData\Roaming\MiKTeX\2.9\tex/generic/pgf/math\pgfmathfunction
s.random.code.tex)
(C:\Users\nicol\AppData\Roaming\MiKTeX\2.9\tex/generic/pgf/math\pgfmathfunction
s.comparison.code.tex)
(C:\Users\nicol\AppData\Roaming\MiKTeX\2.9\tex/generic/pgf/math\pgfmathfunction
s.base.code.tex)
(C:\Users\nicol\AppData\Roaming\MiKTeX\2.9\tex/generic/pgf/math\pgfmathfunction
s.round.code.tex)
(C:\Users\nicol\AppData\Roaming\MiKTeX\2.9\tex/generic/pgf/math\pgfmathfunction
s.misc.code.tex)
(C:\Users\nicol\AppData\Roaming\MiKTeX\2.9\tex/generic/pgf/math\pgfmathfunction
s.integerarithmetics.code.tex)))
(C:\Users\nicol\AppData\Roaming\MiKTeX\2.9\tex/generic/pgf/math\pgfmathfloat.co
de.tex
\c@pgfmathroundto@lastzeros=\count106
))
(C:\Users\nicol\AppData\Roaming\MiKTeX\2.9\tex/generic/pgf/math\pgfint.code.tex
)
(C:\Users\nicol\AppData\Roaming\MiKTeX\2.9\tex/generic/pgf/basiclayer\pgfcorepo
ints.code.tex
File: pgfcorepoints.code.tex 2020/01/08 v3.1.5b (3.1.5b)
\pgf@picminx=\dimen139
\pgf@picmaxx=\dimen140
\pgf@picminy=\dimen141
\pgf@picmaxy=\dimen142
\pgf@pathminx=\dimen143
\pgf@pathmaxx=\dimen144
\pgf@pathminy=\dimen145
\pgf@pathmaxy=\dimen146
\pgf@xx=\dimen147
\pgf@xy=\dimen148
\pgf@yx=\dimen149
\pgf@yy=\dimen150
\pgf@zx=\dimen151
\pgf@zy=\dimen152
)
(C:\Users\nicol\AppData\Roaming\MiKTeX\2.9\tex/generic/pgf/basiclayer\pgfcorepa
thconstruct.code.tex
File: pgfcorepathconstruct.code.tex 2020/01/08 v3.1.5b (3.1.5b)
\pgf@path@lastx=\dimen153
\pgf@path@lasty=\dimen154
)
(C:\Users\nicol\AppData\Roaming\MiKTeX\2.9\tex/generic/pgf/basiclayer\pgfcorepa
thusage.code.tex
File: pgfcorepathusage.code.tex 2020/01/08 v3.1.5b (3.1.5b)
\pgf@shorten@end@additional=\dimen155
\pgf@shorten@start@additional=\dimen156
)
(C:\Users\nicol\AppData\Roaming\MiKTeX\2.9\tex/generic/pgf/basiclayer\pgfcoresc
opes.code.tex
File: pgfcorescopes.code.tex 2020/01/08 v3.1.5b (3.1.5b)
\pgfpic=\box32
\pgf@hbox=\box33
\pgf@layerbox@main=\box34
\pgf@picture@serial@count=\count107
)
(C:\Users\nicol\AppData\Roaming\MiKTeX\2.9\tex/generic/pgf/basiclayer\pgfcoregr
aphicstate.code.tex
File: pgfcoregraphicstate.code.tex 2020/01/08 v3.1.5b (3.1.5b)
\pgflinewidth=\dimen157
)
(C:\Users\nicol\AppData\Roaming\MiKTeX\2.9\tex/generic/pgf/basiclayer\pgfcoretr
ansformations.code.tex
File: pgfcoretransformations.code.tex 2020/01/08 v3.1.5b (3.1.5b)
\pgf@pt@x=\dimen158
\pgf@pt@y=\dimen159
\pgf@pt@temp=\dimen160
)
(C:\Users\nicol\AppData\Roaming\MiKTeX\2.9\tex/generic/pgf/basiclayer\pgfcorequ
ick.code.tex
File: pgfcorequick.code.tex 2020/01/08 v3.1.5b (3.1.5b)
)
(C:\Users\nicol\AppData\Roaming\MiKTeX\2.9\tex/generic/pgf/basiclayer\pgfcoreob
jects.code.tex
File: pgfcoreobjects.code.tex 2020/01/08 v3.1.5b (3.1.5b)
)
(C:\Users\nicol\AppData\Roaming\MiKTeX\2.9\tex/generic/pgf/basiclayer\pgfcorepa
thprocessing.code.tex
File: pgfcorepathprocessing.code.tex 2020/01/08 v3.1.5b (3.1.5b)
)
(C:\Users\nicol\AppData\Roaming\MiKTeX\2.9\tex/generic/pgf/basiclayer\pgfcorear
rows.code.tex
File: pgfcorearrows.code.tex 2020/01/08 v3.1.5b (3.1.5b)
\pgfarrowsep=\dimen161
)
(C:\Users\nicol\AppData\Roaming\MiKTeX\2.9\tex/generic/pgf/basiclayer\pgfcoresh
ade.code.tex
File: pgfcoreshade.code.tex 2020/01/08 v3.1.5b (3.1.5b)
\pgf@max=\dimen162
\pgf@sys@shading@range@num=\count108
\pgf@shadingcount=\count109
)
(C:\Users\nicol\AppData\Roaming\MiKTeX\2.9\tex/generic/pgf/basiclayer\pgfcoreim
age.code.tex
File: pgfcoreimage.code.tex 2020/01/08 v3.1.5b (3.1.5b)

(C:\Users\nicol\AppData\Roaming\MiKTeX\2.9\tex/generic/pgf/basiclayer\pgfcoreex
ternal.code.tex
File: pgfcoreexternal.code.tex 2020/01/08 v3.1.5b (3.1.5b)
\pgfexternal@startupbox=\box35
))
(C:\Users\nicol\AppData\Roaming\MiKTeX\2.9\tex/generic/pgf/basiclayer\pgfcorela
yers.code.tex
File: pgfcorelayers.code.tex 2020/01/08 v3.1.5b (3.1.5b)
)
(C:\Users\nicol\AppData\Roaming\MiKTeX\2.9\tex/generic/pgf/basiclayer\pgfcoretr
ansparency.code.tex
File: pgfcoretransparency.code.tex 2020/01/08 v3.1.5b (3.1.5b)
)
(C:\Users\nicol\AppData\Roaming\MiKTeX\2.9\tex/generic/pgf/basiclayer\pgfcorepa
tterns.code.tex
File: pgfcorepatterns.code.tex 2020/01/08 v3.1.5b (3.1.5b)
)
(C:\Users\nicol\AppData\Roaming\MiKTeX\2.9\tex/generic/pgf/basiclayer\pgfcorerd
f.code.tex
File: pgfcorerdf.code.tex 2020/01/08 v3.1.5b (3.1.5b)
)))
(C:\Users\nicol\AppData\Roaming\MiKTeX\2.9\tex/generic/pgf/modules\pgfmodulesha
pes.code.tex
File: pgfmoduleshapes.code.tex 2020/01/08 v3.1.5b (3.1.5b)
\pgfnodeparttextbox=\box36
)
(C:\Users\nicol\AppData\Roaming\MiKTeX\2.9\tex/generic/pgf/modules\pgfmoduleplo
t.code.tex
File: pgfmoduleplot.code.tex 2020/01/08 v3.1.5b (3.1.5b)
)
(C:\Users\nicol\AppData\Roaming\MiKTeX\2.9\tex/latex/pgf/compatibility\pgfcomp-
version-0-65.sty
Package: pgfcomp-version-0-65 2020/01/08 v3.1.5b (3.1.5b)
\pgf@nodesepstart=\dimen163
\pgf@nodesepend=\dimen164
)
(C:\Users\nicol\AppData\Roaming\MiKTeX\2.9\tex/latex/pgf/compatibility\pgfcomp-
version-1-18.sty
Package: pgfcomp-version-1-18 2020/01/08 v3.1.5b (3.1.5b)
))
(C:\Users\nicol\AppData\Roaming\MiKTeX\2.9\tex/latex/pgf/utilities\pgffor.sty
(C:\Users\nicol\AppData\Roaming\MiKTeX\2.9\tex/latex/pgf/utilities\pgfkeys.sty
(C:\Users\nicol\AppData\Roaming\MiKTeX\2.9\tex/generic/pgf/utilities\pgfkeys.co
de.tex))
(C:\Users\nicol\AppData\Roaming\MiKTeX\2.9\tex/latex/pgf/math\pgfmath.sty
(C:\Users\nicol\AppData\Roaming\MiKTeX\2.9\tex/generic/pgf/math\pgfmath.code.te
x))
(C:\Users\nicol\AppData\Roaming\MiKTeX\2.9\tex/generic/pgf/utilities\pgffor.cod
e.tex
Package: pgffor 2020/01/08 v3.1.5b (3.1.5b)

(C:\Users\nicol\AppData\Roaming\MiKTeX\2.9\tex/generic/pgf/math\pgfmath.code.te
x)
\pgffor@iter=\dimen165
\pgffor@skip=\dimen166
\pgffor@stack=\toks31
\pgffor@toks=\toks32
))
(C:\Users\nicol\AppData\Roaming\MiKTeX\2.9\tex/generic/pgf/frontendlayer/tikz\t
ikz.code.tex
Package: tikz 2020/01/08 v3.1.5b (3.1.5b)

(C:\Users\nicol\AppData\Roaming\MiKTeX\2.9\tex/generic/pgf/libraries\pgflibrary
plothandlers.code.tex
File: pgflibraryplothandlers.code.tex 2020/01/08 v3.1.5b (3.1.5b)
\pgf@plot@mark@count=\count110
\pgfplotmarksize=\dimen167
)
\tikz@lastx=\dimen168
\tikz@lasty=\dimen169
\tikz@lastxsaved=\dimen170
\tikz@lastysaved=\dimen171
\tikz@lastmovetox=\dimen172
\tikz@lastmovetoy=\dimen173
\tikzleveldistance=\dimen174
\tikzsiblingdistance=\dimen175
\tikz@figbox=\box37
\tikz@figbox@bg=\box38
\tikz@tempbox=\box39
\tikz@tempbox@bg=\box40
\tikztreelevel=\count111
\tikznumberofchildren=\count112
\tikznumberofcurrentchild=\count113
\tikz@fig@count=\count114

(C:\Users\nicol\AppData\Roaming\MiKTeX\2.9\tex/generic/pgf/modules\pgfmodulemat
rix.code.tex
File: pgfmodulematrix.code.tex 2020/01/08 v3.1.5b (3.1.5b)
\pgfmatrixcurrentrow=\count115
\pgfmatrixcurrentcolumn=\count116
\pgf@matrix@numberofcolumns=\count117
)
\tikz@expandcount=\count118

(C:\Users\nicol\AppData\Roaming\MiKTeX\2.9\tex/generic/pgf/frontendlayer/tikz/l
ibraries\tikzlibrarytopaths.code.tex
File: tikzlibrarytopaths.code.tex 2020/01/08 v3.1.5b (3.1.5b)
)))
(C:\Users\nicol\AppData\Roaming\MiKTeX\2.9\tex/latex/acronym\acronym.sty
Package: acronym 2019/11/11 v1.42 Support for acronyms (Tobias Oetiker)

(C:\Users\nicol\AppData\Roaming\MiKTeX\2.9\tex/latex/bigfoot\suffix.sty
Package: suffix 2006/07/15 1.5a Variant command support
)
(C:\Users\nicol\AppData\Roaming\MiKTeX\2.9\tex/latex/xstring\xstring.sty
(C:\Users\nicol\AppData\Roaming\MiKTeX\2.9\tex/generic/xstring\xstring.tex
\integerpart=\count119
\decimalpart=\count120
)
Package: xstring 2019/02/06 v1.83 String manipulations (CT)
)
\AC@clearlist=\toks33
)
("C:\Program Files\MiKTeX 2.9\tex/latex/tools\multicol.sty"
Package: multicol 2019/03/01 v1.8w multicolumn formatting (FMi)
\c@tracingmulticols=\count121
\mult@box=\box41
\multicol@leftmargin=\dimen176
\c@unbalance=\count122
\c@collectmore=\count123
\doublecol@number=\count124
\multicoltolerance=\count125
\multicolpretolerance=\count126
\full@width=\dimen177
\page@free=\dimen178
\premulticols=\dimen179
\postmulticols=\dimen180
\multicolsep=\skip54
\multicolbaselineskip=\skip55
\partial@page=\box42
\last@line=\box43
\maxbalancingoverflow=\dimen181
\mult@rightbox=\box44
\mult@grightbox=\box45
\mult@gfirstbox=\box46
\mult@firstbox=\box47
\@tempa=\box48
\@tempa=\box49
\@tempa=\box50
\@tempa=\box51
\@tempa=\box52
\@tempa=\box53
\@tempa=\box54
\@tempa=\box55
\@tempa=\box56
\@tempa=\box57
\@tempa=\box58
\@tempa=\box59
\@tempa=\box60
\@tempa=\box61
\@tempa=\box62
\@tempa=\box63
\@tempa=\box64
\c@minrows=\count127
\c@columnbadness=\count128
\c@finalcolumnbadness=\count129
\last@try=\dimen182
\multicolovershoot=\dimen183
\multicolundershoot=\dimen184
\mult@nat@firstbox=\box65
\colbreak@box=\box66
\mc@col@check@num=\count130
)
(C:\Users\nicol\AppData\Roaming\MiKTeX\2.9\tex/latex/caption\subcaption.sty
Package: subcaption 2020/01/03 v1.3b Sub-captions (AR)
\c@subfigure=\count131
\c@subtable=\count132
)
(C:\Users\nicol\AppData\Roaming\MiKTeX\2.9\tex/latex/was\gensymb.sty
Package: gensymb 2003/07/02 v1.0 (WaS)
)
(C:\Users\nicol\AppData\Roaming\MiKTeX\2.9\tex/latex/listings\listings.sty
\lst@mode=\count133
\lst@gtempboxa=\box67
\lst@token=\toks34
\lst@length=\count134
\lst@currlwidth=\dimen185
\lst@column=\count135
\lst@pos=\count136
\lst@lostspace=\dimen186
\lst@width=\dimen187
\lst@newlines=\count137
\lst@lineno=\count138
\lst@maxwidth=\dimen188

(C:\Users\nicol\AppData\Roaming\MiKTeX\2.9\tex/latex/listings\lstmisc.sty
File: lstmisc.sty 2019/09/10 1.8c (Carsten Heinz)
\c@lstnumber=\count139
\lst@skipnumbers=\count140
\lst@framebox=\box68
)
(C:\Users\nicol\AppData\Roaming\MiKTeX\2.9\tex/latex/listings\listings.cfg
File: listings.cfg 2019/09/10 1.8c listings configuration
))
Package: listings 2019/09/10 1.8c (Carsten Heinz)

("C:\Program Files\MiKTeX 2.9\tex/latex/amsmath\amsmath.sty"
Package: amsmath 2019/11/16 v2.17d AMS math features
\@mathmargin=\skip56

For additional information on amsmath, use the `?' option.
("C:\Program Files\MiKTeX 2.9\tex/latex/amsmath\amstext.sty"
Package: amstext 2000/06/29 v2.01 AMS text

("C:\Program Files\MiKTeX 2.9\tex/latex/amsmath\amsgen.sty"
File: amsgen.sty 1999/11/30 v2.0 generic functions
\@emptytoks=\toks35
\ex@=\dimen189
))
("C:\Program Files\MiKTeX 2.9\tex/latex/amsmath\amsbsy.sty"
Package: amsbsy 1999/11/29 v1.2d Bold Symbols
\pmbraise@=\dimen190
)
("C:\Program Files\MiKTeX 2.9\tex/latex/amsmath\amsopn.sty"
Package: amsopn 2016/03/08 v2.02 operator names
)
\inf@bad=\count141
LaTeX Info: Redefining \frac on input line 227.
\uproot@=\count142
\leftroot@=\count143
LaTeX Info: Redefining \overline on input line 389.
\classnum@=\count144
\DOTSCASE@=\count145
LaTeX Info: Redefining \ldots on input line 486.
LaTeX Info: Redefining \dots on input line 489.
LaTeX Info: Redefining \cdots on input line 610.
\Mathstrutbox@=\box69
\strutbox@=\box70
\big@size=\dimen191
LaTeX Font Info:    Redeclaring font encoding OML on input line 733.
LaTeX Font Info:    Redeclaring font encoding OMS on input line 734.
\macc@depth=\count146
\c@MaxMatrixCols=\count147
\dotsspace@=\muskip10
\c@parentequation=\count148
\dspbrk@lvl=\count149
\tag@help=\toks36
\row@=\count150
\column@=\count151
\maxfields@=\count152
\andhelp@=\toks37
\eqnshift@=\dimen192
\alignsep@=\dimen193
\tagshift@=\dimen194
\tagwidth@=\dimen195
\totwidth@=\dimen196
\lineht@=\dimen197
\@envbody=\toks38
\multlinegap=\skip57
\multlinetaggap=\skip58
\mathdisplay@stack=\toks39
LaTeX Info: Redefining \[ on input line 2858.
LaTeX Info: Redefining \] on input line 2859.
)
("C:\Program Files\MiKTeX 2.9\tex/latex/amsfonts\amssymb.sty"
Package: amssymb 2013/01/14 v3.01 AMS font symbols

("C:\Program Files\MiKTeX 2.9\tex/latex/amsfonts\amsfonts.sty"
Package: amsfonts 2013/01/14 v3.01 Basic AMSFonts support
\symAMSa=\mathgroup6
\symAMSb=\mathgroup7
LaTeX Font Info:    Overwriting math alphabet `\mathfrak' in version `bold'
(Font)                  U/euf/m/n --> U/euf/b/n on input line 106.
)) (document.aux

LaTeX Warning: Label `fig:my_label' multiply defined.


LaTeX Warning: Label `fig:my_label' multiply defined.


LaTeX Warning: Label `fig:my_label' multiply defined.


LaTeX Warning: Label `fig:my_label' multiply defined.

)
\openout1 = `document.aux'.

LaTeX Font Info:    Checking defaults for OML/cmm/m/it on input line 65.
LaTeX Font Info:    ... okay on input line 65.
LaTeX Font Info:    Checking defaults for T1/cmr/m/n on input line 65.
LaTeX Font Info:    ... okay on input line 65.
LaTeX Font Info:    Checking defaults for OT1/cmr/m/n on input line 65.
LaTeX Font Info:    ... okay on input line 65.
LaTeX Font Info:    Checking defaults for OMS/cmsy/m/n on input line 65.
LaTeX Font Info:    ... okay on input line 65.
LaTeX Font Info:    Checking defaults for OMX/cmex/m/n on input line 65.
LaTeX Font Info:    ... okay on input line 65.
LaTeX Font Info:    Checking defaults for U/cmr/m/n on input line 65.
LaTeX Font Info:    ... okay on input line 65.
LaTeX Font Info:    Trying to load font information for T1+ptm on input line 65
.
 (C:\Users\nicol\AppData\Roaming\MiKTeX\2.9\tex/latex/psnfss\t1ptm.fd
File: t1ptm.fd 2001/06/04 font definitions for T1/ptm.
)
Package caption Info: Begin \AtBeginDocument code.
Package caption Info: listings package is loaded.
Package caption Info: End \AtBeginDocument code.

("C:\Program Files\MiKTeX 2.9\tex/context/base/mkii\supp-pdf.mkii"
[Loading MPS to PDF converter (version 2006.09.02).]
\scratchcounter=\count153
\scratchdimen=\dimen198
\scratchbox=\box71
\nofMPsegments=\count154
\nofMParguments=\count155
\everyMPshowfont=\toks40
\MPscratchCnt=\count156
\MPscratchDim=\dimen199
\MPnumerator=\count157
\makeMPintoPDFobject=\count158
\everyMPtoPDFconversion=\toks41
) ("C:\Program Files\MiKTeX 2.9\tex/latex/epstopdf-pkg\epstopdf-base.sty"
Package: epstopdf-base 2019/11/24 v2.7 Base part for package epstopdf

("C:\Program Files\MiKTeX 2.9\tex/latex/oberdiek\grfext.sty"
Package: grfext 2016/05/16 v1.2 Manage graphics extensions (HO)

("C:\Program Files\MiKTeX 2.9\tex/generic/oberdiek\kvdefinekeys.sty"
Package: kvdefinekeys 2016/05/16 v1.4 Define keys (HO)
))
("C:\Program Files\MiKTeX 2.9\tex/latex/pdftexcmds\pdftexcmds.sty"
Package: pdftexcmds 2019/11/24 v0.31 Utility functions of pdfTeX for LuaTeX (HO
)
Package pdftexcmds Info: \pdf@primitive is available.
Package pdftexcmds Info: \pdf@ifprimitive is available.
Package pdftexcmds Info: \pdfdraftmode found.
)
Package epstopdf-base Info: Redefining graphics rule for `.eps' on input line 4
42.
Package grfext Info: Graphics extension search list:
(grfext)             [.pdf,.png,.jpg,.mps,.jpeg,.jbig2,.jb2,.PDF,.PNG,.JPG,.JPE
G,.JBIG2,.JB2,.eps]
(grfext)             \AppendGraphicsExtensions on input line 460.
)
*geometry* driver: auto-detecting
*geometry* detected driver: pdftex
*geometry* verbose mode - [ preamble ] result:
* driver: pdftex
* paper: a4paper
* layout: <same size as paper>
* layoutoffset:(h,v)=(0.0pt,0.0pt)
* bindingoffset: 17.07164pt
* modes: 
* h-part:(L,W,R)=(62.59607pt, 455.24408pt, 62.59608pt)
* v-part:(T,H,B)=(71.13188pt, 702.78308pt, 71.13188pt)
* \paperwidth=597.50787pt
* \paperheight=845.04684pt
* \textwidth=455.24408pt
* \textheight=702.78308pt
* \oddsidemargin=7.39772pt
* \evensidemargin=-9.67392pt
* \topmargin=-38.1381pt
* \headheight=12.0pt
* \headsep=25.0pt
* \topskip=12.0pt
* \footskip=30.0pt
* \marginparwidth=35.0pt
* \marginparsep=10.0pt
* \columnsep=10.0pt
* \skip\footins=10.8pt plus 4.0pt minus 2.0pt
* \hoffset=0.0pt
* \voffset=0.0pt
* \mag=1000
* \@twocolumnfalse
* \@twosidefalse
* \@mparswitchfalse
* \@reversemarginfalse
* (1in=72.27pt=25.4mm, 1cm=28.453pt)

ABD: EveryShipout initializing macros
LaTeX Info: Redefining \celsius on input line 65.
Package gensymb Info: Faking symbols for \degree and \celsius on input line 65.



Package gensymb Warning: Not defining \perthousand.

LaTeX Info: Redefining \ohm on input line 65.
Package gensymb Info: Using \upOmega for \ohm on input line 65.

Package gensymb Warning: Not defining \micro.

\c@lstlisting=\count159
LaTeX Font Info:    Font shape `T1/ptm/bx/n' in size <20.74> not available
(Font)              Font shape `T1/ptm/b/n' tried instead on input line 72.
<Bilder/Tu_Braunschweig.png, id=4, 2007.5pt x 744.7825pt>
File: Bilder/Tu_Braunschweig.png Graphic file (type png)
<use Bilder/Tu_Braunschweig.png>
Package pdftex.def Info: Bilder/Tu_Braunschweig.png  used on input line 76.
(pdftex.def)             Requested size: 227.62204pt x 84.43787pt.
[1

{C:/Users/nicol/AppData/Local/MiKTeX/2.9/pdftex/config/pdftex.map} <./Bilder/Tu
_Braunschweig.png>]
LaTeX Font Info:    Font shape `T1/ptm/bx/n' in size <17.28> not available
(Font)              Font shape `T1/ptm/b/n' tried instead on input line 95.
 (document.toc
LaTeX Font Info:    Font shape `T1/ptm/bx/n' in size <12> not available
(Font)              Font shape `T1/ptm/b/n' tried instead on input line 2.
LaTeX Font Info:    Trying to load font information for OT1+ztmcm on input line
 4.

(C:\Users\nicol\AppData\Roaming\MiKTeX\2.9\tex/latex/psnfss\ot1ztmcm.fd
File: ot1ztmcm.fd 2000/01/03 Fontinst v1.801 font definitions for OT1/ztmcm.
)
LaTeX Font Info:    Trying to load font information for OML+ztmcm on input line
 4.

(C:\Users\nicol\AppData\Roaming\MiKTeX\2.9\tex/latex/psnfss\omlztmcm.fd
File: omlztmcm.fd 2000/01/03 Fontinst v1.801 font definitions for OML/ztmcm.
)
LaTeX Font Info:    Trying to load font information for OMS+ztmcm on input line
 4.

(C:\Users\nicol\AppData\Roaming\MiKTeX\2.9\tex/latex/psnfss\omsztmcm.fd
File: omsztmcm.fd 2000/01/03 Fontinst v1.801 font definitions for OMS/ztmcm.
)
LaTeX Font Info:    Trying to load font information for OMX+ztmcm on input line
 4.

(C:\Users\nicol\AppData\Roaming\MiKTeX\2.9\tex/latex/psnfss\omxztmcm.fd
File: omxztmcm.fd 2000/01/03 Fontinst v1.801 font definitions for OMX/ztmcm.
)
LaTeX Font Info:    Trying to load font information for OT1+ptm on input line 4
.

(C:\Users\nicol\AppData\Roaming\MiKTeX\2.9\tex/latex/psnfss\ot1ptm.fd
File: ot1ptm.fd 2001/06/04 font definitions for OT1/ptm.
)
LaTeX Font Info:    Font shape `OT1/ptm/bx/n' in size <12> not available
(Font)              Font shape `OT1/ptm/b/n' tried instead on input line 4.
LaTeX Font Info:    Font shape `OT1/ptm/bx/n' in size <9> not available
(Font)              Font shape `OT1/ptm/b/n' tried instead on input line 4.
LaTeX Font Info:    Font shape `OT1/ptm/bx/n' in size <7> not available
(Font)              Font shape `OT1/ptm/b/n' tried instead on input line 4.
 [1])
\tf@toc=\write4
\openout4 = `document.toc'.


(document.lof [2])
\tf@lof=\write5
\openout5 = `document.lof'.

 (document.lot)
\tf@lot=\write6
\openout6 = `document.lot'.

 [3] [4]
LaTeX Font Info:    Font shape `T1/ptm/bx/n' in size <14.4> not available
(Font)              Font shape `T1/ptm/b/n' tried instead on input line 111.
<Bilder/Widerstaende.png, id=26, 170.88844pt x 185.94469pt>
File: Bilder/Widerstaende.png Graphic file (type png)
<use Bilder/Widerstaende.png>
Package pdftex.def Info: Bilder/Widerstaende.png  used on input line 127.
(pdftex.def)             Requested size: 170.88802pt x 185.94421pt.
 [5] [6 <./Bilder/Widerstaende.png>]
<Bilder/Kontrollvolumen.png, id=39, 374.90062pt x 246.9225pt>
File: Bilder/Kontrollvolumen.png Graphic file (type png)
<use Bilder/Kontrollvolumen.png>
Package pdftex.def Info: Bilder/Kontrollvolumen.png  used on input line 152.
(pdftex.def)             Requested size: 455.24408pt x 299.85846pt.

[7 <./Bilder/Kontrollvolumen.png>]
<Bilder/Wirbelstrasse.png, id=44, 451.6875pt x 251.43938pt>
File: Bilder/Wirbelstrasse.png Graphic file (type png)
<use Bilder/Wirbelstrasse.png>
Package pdftex.def Info: Bilder/Wirbelstrasse.png  used on input line 187.
(pdftex.def)             Requested size: 364.19664pt x 202.7478pt.
 [8 <./Bilder/Wirbelstrasse.png>]
<Bilder/Coanda-Flache.png, id=49, 419.31656pt x 410.2828pt>
File: Bilder/Coanda-Flache.png Graphic file (type png)
<use Bilder/Coanda-Flache.png>
Package pdftex.def Info: Bilder/Coanda-Flache.png  used on input line 215.
(pdftex.def)             Requested size: 209.65776pt x 205.1409pt.

Underfull \hbox (badness 10000) in paragraph at lines 211--219

 []

[9]
Underfull \hbox (badness 10000) in paragraph at lines 221--222

 []

[10 <./Bilder/Coanda-Flache.png>]
Underfull \hbox (badness 10000) in paragraph at lines 223--224

 []

<Bilder/Gradient.png, id=57, 137.7647pt x 97.11281pt>
File: Bilder/Gradient.png Graphic file (type png)
<use Bilder/Gradient.png>
Package pdftex.def Info: Bilder/Gradient.png  used on input line 234.
(pdftex.def)             Requested size: 137.76434pt x 97.11256pt.
<Bilder/AA.png, id=58, 311.9655pt x 161.403pt>
File: Bilder/AA.png Graphic file (type png)
<use Bilder/AA.png>
Package pdftex.def Info: Bilder/AA.png  used on input line 251.
(pdftex.def)             Requested size: 311.96474pt x 161.4026pt.

Underfull \hbox (badness 10000) in paragraph at lines 248--255

 []

[11 <./Bilder/Gradient.png>] [12 <./Bilder/AA.png>]
<Bilder/Ausblaseneffekt.png, id=68, 274.02374pt x 170.13562pt>
File: Bilder/Ausblaseneffekt.png Graphic file (type png)
<use Bilder/Ausblaseneffekt.png>
Package pdftex.def Info: Bilder/Ausblaseneffekt.png  used on input line 263.
(pdftex.def)             Requested size: 274.02307pt x 170.1352pt.
<Bilder/Coandaflache2_x.jpeg, id=69, 314.67563pt x 417.05812pt>
File: Bilder/Coandaflache2_x.jpeg Graphic file (type jpg)
<use Bilder/Coandaflache2_x.jpeg>
Package pdftex.def Info: Bilder/Coandaflache2_x.jpeg  used on input line 279.
(pdftex.def)             Requested size: 157.33742pt x 208.52855pt.
 [13 <./Bilder/Ausblaseneffekt.png>]
Underfull \hbox (badness 10000) in paragraph at lines 291--293

 []

<Bilder/Hitzdraht.png, id=74, 380.92313pt x 140.525pt>
File: Bilder/Hitzdraht.png Graphic file (type png)
<use Bilder/Hitzdraht.png>
Package pdftex.def Info: Bilder/Hitzdraht.png  used on input line 296.
(pdftex.def)             Requested size: 455.24408pt x 167.94942pt.
[14 <./Bilder/Coandaflache2_x.jpeg>]
Underfull \hbox (badness 10000) in paragraph at lines 302--303

 []


Underfull \hbox (badness 10000) in paragraph at lines 304--305

 []

<Bilder/Prinzipschaltung.png, id=78, 425.08812pt x 230.8625pt>
File: Bilder/Prinzipschaltung.png Graphic file (type png)
<use Bilder/Prinzipschaltung.png>
Package pdftex.def Info: Bilder/Prinzipschaltung.png  used on input line 308.
(pdftex.def)             Requested size: 425.08708pt x 230.86192pt.
[15 <./Bilder/Hitzdraht.png>]
Underfull \hbox (badness 10000) in paragraph at lines 314--315

 []


Underfull \hbox (badness 10000) in paragraph at lines 321--322

 []


Underfull \hbox (badness 10000) in paragraph at lines 323--324

 []

[16 <./Bilder/Prinzipschaltung.png>]
Underfull \hbox (badness 10000) in paragraph at lines 325--326

 []


Underfull \hbox (badness 10000) in paragraph at lines 329--330

 []


Underfull \hbox (badness 10000) in paragraph at lines 331--332

 []


Overfull \hbox (27.2405pt too wide) in paragraph at lines 333--334
\T1/ptm/m/n/12 mung der sta-ti-schen Eich-kur-ve vor-ge-stellt. Durch das Auf-t
ra-gen der Anemometer-Ausgangsspannung
 []


Underfull \hbox (badness 10000) in paragraph at lines 333--334

 []


Underfull \hbox (badness 10000) in paragraph at lines 338--339

 []

[17] [18]
Overfull \hbox (31.08728pt too wide) in paragraph at lines 349--350
\T1/ptm/m/n/12 wird die Son-de in ei-ne Hitz-drahtson-den-hal-te-rung ein-ge-sp
annt und mit-tels ei-ner Aluprofil-Konstruktion
 []

<kalibrierkanal.jpg, id=94, 4047.12pt x 2276.505pt>
File: kalibrierkanal.jpg Graphic file (type jpg)
<use kalibrierkanal.jpg>
Package pdftex.def Info: kalibrierkanal.jpg  used on input line 353.
(pdftex.def)             Requested size: 409.71689pt x 230.44276pt.
[19 <./kalibrierkanal.jpg>]
<labview_crio1.jpg, id=98, 462.97969pt x 347.04657pt>
File: labview_crio1.jpg Graphic file (type jpg)
<use labview_crio1.jpg>
Package pdftex.def Info: labview_crio1.jpg  used on input line 373.
(pdftex.def)             Requested size: 273.14922pt x 204.7504pt.
 [20 <./labview_crio1.jpg>]
<Labviewskript_cut.jpg, id=102, 523.9575pt x 372.64218pt>
File: Labviewskript_cut.jpg Graphic file (type jpg)
<use Labviewskript_cut.jpg>
Package pdftex.def Info: Labviewskript_cut.jpg  used on input line 382.
(pdftex.def)             Requested size: 318.66946pt x 226.64612pt.

(C:\Users\nicol\AppData\Roaming\MiKTeX\2.9\tex/latex/listings\lstlang1.sty
File: lstlang1.sty 2019/09/10 1.8c listings language file
)
LaTeX Font Info:    Trying to load font information for T1+cmtt on input line 3
91.

("C:\Program Files\MiKTeX 2.9\tex/latex/base\t1cmtt.fd"
File: t1cmtt.fd 2014/09/29 v2.5h Standard LaTeX font definitions
) [21 <./Labviewskript_cut.jpg>] [22] [23]
Overfull \hbox (15.72774pt too wide) in paragraph at lines 472--473
\T1/ptm/m/n/12 Dif-fe-renz der von der ka-li-brier-ten Funk-ti-on er-rech-ne-te
n Ge-schwin-dig-keit und der im Kalibrierungs-
 []

[24]
Overfull \hbox (57.40282pt too wide) in paragraph at lines 479--480
\T1/ptm/m/n/12 Das Ex-pe-ri-ment am D-förmigen Stumpf-kör-per für die Pro-jekt-
ar-beit wird im Lei-ser Niedergeschwindigkeits-
 []


Underfull \hbox (badness 10000) in paragraph at lines 479--480

 []

<Bilder/Windkanal.jpg, id=117, 1163.34625pt x 553.06625pt>
File: Bilder/Windkanal.jpg Graphic file (type jpg)
<use Bilder/Windkanal.jpg>
Package pdftex.def Info: Bilder/Windkanal.jpg  used on input line 484.
(pdftex.def)             Requested size: 455.24408pt x 216.42917pt.

Underfull \hbox (badness 10000) in paragraph at lines 490--491

 []


Underfull \hbox (badness 10000) in paragraph at lines 492--493

 []

[25 <./Bilder/Windkanal.jpg>]
Underfull \hbox (badness 10000) in paragraph at lines 494--495

 []

<Bilder/Traverse.jpeg, id=121, 562.35094pt x 953.06062pt>
File: Bilder/Traverse.jpeg Graphic file (type jpg)
<use Bilder/Traverse.jpeg>
Package pdftex.def Info: Bilder/Traverse.jpeg  used on input line 503.
(pdftex.def)             Requested size: 159.3382pt x 270.03996pt.
[26 <./Bilder/Traverse.jpeg>]
Underfull \hbox (badness 10000) in paragraph at lines 512--513

 []

<Bilder/Stumpfkoerper.jpg, id=125, 898.85812pt x 916.1728pt>
File: Bilder/Stumpfkoerper.jpg Graphic file (type jpg)
<use Bilder/Stumpfkoerper.jpg>
Package pdftex.def Info: Bilder/Stumpfkoerper.jpg  used on input line 516.
(pdftex.def)             Requested size: 273.14922pt x 278.40479pt.

Underfull \hbox (badness 10000) in paragraph at lines 522--523

 []


Underfull \hbox (badness 10000) in paragraph at lines 524--525

 []

[27 <./Bilder/Stumpfkoerper.jpg>]
<Bilder/Druck_Oberespalt.png, id=129, 835.62187pt x 464.4853pt>
File: Bilder/Druck_Oberespalt.png Graphic file (type png)
<use Bilder/Druck_Oberespalt.png>
Package pdftex.def Info: Bilder/Druck_Oberespalt.png  used on input line 542.
(pdftex.def)             Requested size: 364.19664pt x 202.44638pt.
 [28] [29 <./Bilder/Druck_Oberespalt.png>]
<labview_crio.jpg, id=137, 551.05875pt x 478.03593pt>
File: labview_crio.jpg Graphic file (type jpg)
<use labview_crio.jpg>
Package pdftex.def Info: labview_crio.jpg  used on input line 563.
(pdftex.def)             Requested size: 318.66946pt x 276.45137pt.

[30 <./labview_crio.jpg>]
<labview_trigger.jpg, id=142, 1033.61156pt x 320.69812pt>
File: labview_trigger.jpg Graphic file (type jpg)
<use labview_trigger.jpg>
Package pdftex.def Info: labview_trigger.jpg  used on input line 574.
(pdftex.def)             Requested size: 318.66946pt x 98.87221pt.
 [31 <./labview_trigger.jpg>]
<tempcorr_bsp.jpg, id=146, 562.1pt x 421.575pt>
File: tempcorr_bsp.jpg Graphic file (type jpg)
<use tempcorr_bsp.jpg>
Package pdftex.def Info: tempcorr_bsp.jpg  used on input line 619.
(pdftex.def)             Requested size: 218.51326pt x 163.8861pt.

Overfull \hbox (36.41841pt too wide) in paragraph at lines 619--620
[][] 
 []

<Nachlaufdellefit.jpg, id=147, 562.1pt x 421.575pt>
File: Nachlaufdellefit.jpg Graphic file (type jpg)
<use Nachlaufdellefit.jpg>
Package pdftex.def Info: Nachlaufdellefit.jpg  used on input line 624.
(pdftex.def)             Requested size: 218.51326pt x 163.8861pt.

Overfull \hbox (36.41841pt too wide) in paragraph at lines 624--625
[][] 
 []


Underfull \hbox (badness 1622) in paragraph at lines 625--625
[]\T1/ptm/m/n/10.95 (b) |Bei-spiel ei-nes Nach-lauf-del-len Fits
 []

[32 <./tempcorr_bsp.jpg> <./Nachlaufdellefit.jpg>]
<Standardabweichung_bsp.jpg, id=151, 562.1pt x 421.575pt>
File: Standardabweichung_bsp.jpg Graphic file (type jpg)
<use Standardabweichung_bsp.jpg>
Package pdftex.def Info: Standardabweichung_bsp.jpg  used on input line 635.
(pdftex.def)             Requested size: 318.66946pt x 239.00082pt.
<Spektrum_bsp.jpg, id=152, 562.1pt x 421.575pt>
File: Spektrum_bsp.jpg Graphic file (type jpg)
<use Spektrum_bsp.jpg>
Package pdftex.def Info: Spektrum_bsp.jpg  used on input line 646.
(pdftex.def)             Requested size: 227.62204pt x 170.71764pt.
<Contour_bsp.jpg, id=153, 562.1pt x 421.575pt>
File: Contour_bsp.jpg Graphic file (type jpg)
<use Contour_bsp.jpg>
Package pdftex.def Info: Contour_bsp.jpg  used on input line 651.
(pdftex.def)             Requested size: 227.62204pt x 170.71764pt.
 [33 <./Standardabweichung_bsp.jpg>]
<Bilder/Ohne_1_bar/Nachlaufdelle_ohne_1bar.jpg, id=157, 562.1pt x 421.575pt>
File: Bilder/Ohne_1_bar/Nachlaufdelle_ohne_1bar.jpg Graphic file (type jpg)
<use Bilder/Ohne_1_bar/Nachlaufdelle_ohne_1bar.jpg>
Package pdftex.def Info: Bilder/Ohne_1_bar/Nachlaufdelle_ohne_1bar.jpg  used on
 input line 667.
(pdftex.def)             Requested size: 204.85844pt x 153.6388pt.
<Bilder/ohne_2_bar/Nachlaufdelle_ohne_2bar.jpg, id=158, 562.1pt x 421.575pt>
File: Bilder/ohne_2_bar/Nachlaufdelle_ohne_2bar.jpg Graphic file (type jpg)
<use Bilder/ohne_2_bar/Nachlaufdelle_ohne_2bar.jpg>
Package pdftex.def Info: Bilder/ohne_2_bar/Nachlaufdelle_ohne_2bar.jpg  used on
 input line 672.
(pdftex.def)             Requested size: 204.85844pt x 153.6388pt.
 [34 <./Spektrum_bsp.jpg> <./Contour_bsp.jpg> <./Bilder/Ohne_1_bar/Nachlaufdell
e_ohne_1bar.jpg> <./Bilder/ohne_2_bar/Nachlaufdelle_ohne_2bar.jpg>]
<Bilder/Ohne_1_bar/Strouhal_ohne_1Bar.jpg, id=162, 562.1pt x 421.575pt>
File: Bilder/Ohne_1_bar/Strouhal_ohne_1Bar.jpg Graphic file (type jpg)
<use Bilder/Ohne_1_bar/Strouhal_ohne_1Bar.jpg>
Package pdftex.def Info: Bilder/Ohne_1_bar/Strouhal_ohne_1Bar.jpg  used on inpu
t line 686.
(pdftex.def)             Requested size: 204.85844pt x 153.6388pt.
<Bilder/ohne_2_bar/Strouhal_ohne_2bar.jpg, id=163, 562.1pt x 421.575pt>
File: Bilder/ohne_2_bar/Strouhal_ohne_2bar.jpg Graphic file (type jpg)
<use Bilder/ohne_2_bar/Strouhal_ohne_2bar.jpg>
Package pdftex.def Info: Bilder/ohne_2_bar/Strouhal_ohne_2bar.jpg  used on inpu
t line 691.
(pdftex.def)             Requested size: 204.85844pt x 153.6388pt.
<Bilder/Ohne_1_bar/Spektrum_ohne_1bar.jpg, id=164, 562.1pt x 421.575pt>
File: Bilder/Ohne_1_bar/Spektrum_ohne_1bar.jpg Graphic file (type jpg)
<use Bilder/Ohne_1_bar/Spektrum_ohne_1bar.jpg>
Package pdftex.def Info: Bilder/Ohne_1_bar/Spektrum_ohne_1bar.jpg  used on inpu
t line 704.
(pdftex.def)             Requested size: 204.85844pt x 153.6388pt.
<Bilder/ohne_2_bar/Spektrum_ohne_2bar.jpg, id=165, 562.1pt x 421.575pt>
File: Bilder/ohne_2_bar/Spektrum_ohne_2bar.jpg Graphic file (type jpg)
<use Bilder/ohne_2_bar/Spektrum_ohne_2bar.jpg>
Package pdftex.def Info: Bilder/ohne_2_bar/Spektrum_ohne_2bar.jpg  used on inpu
t line 709.
(pdftex.def)             Requested size: 204.85844pt x 153.6388pt.

[35 <./Bilder/Ohne_1_bar/Strouhal_ohne_1Bar.jpg> <./Bilder/ohne_2_bar/Strouhal_
ohne_2bar.jpg>]
<Bilder/Ohne_1_bar/Contour_ohne_1bar.jpg, id=169, 562.1pt x 421.575pt>
File: Bilder/Ohne_1_bar/Contour_ohne_1bar.jpg Graphic file (type jpg)
<use Bilder/Ohne_1_bar/Contour_ohne_1bar.jpg>
Package pdftex.def Info: Bilder/Ohne_1_bar/Contour_ohne_1bar.jpg  used on input
 line 722.
(pdftex.def)             Requested size: 204.85844pt x 153.6388pt.
<Bilder/ohne_2_bar/Contour_ohne_2bar.jpg, id=170, 562.1pt x 421.575pt>
File: Bilder/ohne_2_bar/Contour_ohne_2bar.jpg Graphic file (type jpg)
<use Bilder/ohne_2_bar/Contour_ohne_2bar.jpg>
Package pdftex.def Info: Bilder/ohne_2_bar/Contour_ohne_2bar.jpg  used on input
 line 727.
(pdftex.def)             Requested size: 204.85844pt x 153.6388pt.
 [36 <./Bilder/Ohne_1_bar/Spektrum_ohne_1bar.jpg> <./Bilder/ohne_2_bar/Spektrum
_ohne_2bar.jpg> <./Bilder/Ohne_1_bar/Contour_ohne_1bar.jpg> <./Bilder/ohne_2_ba
r/Contour_ohne_2bar.jpg>]
<Bilder/Ohne_2_bar/Nachlaufdelle_ohne_2bar.jpg, id=175, 562.1pt x 421.575pt>
File: Bilder/Ohne_2_bar/Nachlaufdelle_ohne_2bar.jpg Graphic file (type jpg)
<use Bilder/Ohne_2_bar/Nachlaufdelle_ohne_2bar.jpg>
Package pdftex.def Info: Bilder/Ohne_2_bar/Nachlaufdelle_ohne_2bar.jpg  used on
 input line 752.
(pdftex.def)             Requested size: 204.85844pt x 153.6388pt.
<Bilder/konst_2_bar/Nachlaufdelle_konst_2bar.jpg, id=176, 562.1pt x 421.575pt>
File: Bilder/konst_2_bar/Nachlaufdelle_konst_2bar.jpg Graphic file (type jpg)
<use Bilder/konst_2_bar/Nachlaufdelle_konst_2bar.jpg>
Package pdftex.def Info: Bilder/konst_2_bar/Nachlaufdelle_konst_2bar.jpg  used 
on input line 757.
(pdftex.def)             Requested size: 204.85844pt x 153.6388pt.
 [37 <./Bilder/Ohne_2_bar/Nachlaufdelle_ohne_2bar.jpg> <./Bilder/konst_2_bar/Na
chlaufdelle_konst_2bar.jpg>]
<Bilder/Ohne_2_bar/Strouhal_ohne_2bar.jpg, id=180, 562.1pt x 421.575pt>
File: Bilder/Ohne_2_bar/Strouhal_ohne_2bar.jpg Graphic file (type jpg)
<use Bilder/Ohne_2_bar/Strouhal_ohne_2bar.jpg>
Package pdftex.def Info: Bilder/Ohne_2_bar/Strouhal_ohne_2bar.jpg  used on inpu
t line 771.
(pdftex.def)             Requested size: 204.85844pt x 153.6388pt.
<Bilder/konst_2_bar/Strouhal_konst_2bar.jpg, id=181, 562.1pt x 421.575pt>
File: Bilder/konst_2_bar/Strouhal_konst_2bar.jpg Graphic file (type jpg)
<use Bilder/konst_2_bar/Strouhal_konst_2bar.jpg>
Package pdftex.def Info: Bilder/konst_2_bar/Strouhal_konst_2bar.jpg  used on in
put line 776.
(pdftex.def)             Requested size: 204.85844pt x 153.6388pt.
<Bilder/Ohne_2_bar/Contour_ohne_2bar.jpg, id=182, 562.1pt x 421.575pt>
File: Bilder/Ohne_2_bar/Contour_ohne_2bar.jpg Graphic file (type jpg)
<use Bilder/Ohne_2_bar/Contour_ohne_2bar.jpg>
Package pdftex.def Info: Bilder/Ohne_2_bar/Contour_ohne_2bar.jpg  used on input
 line 790.
(pdftex.def)             Requested size: 204.85844pt x 153.6388pt.
<Bilder/konst_2_bar/Contour_konst_2bar.jpg, id=183, 562.1pt x 421.575pt>
File: Bilder/konst_2_bar/Contour_konst_2bar.jpg Graphic file (type jpg)
<use Bilder/konst_2_bar/Contour_konst_2bar.jpg>
Package pdftex.def Info: Bilder/konst_2_bar/Contour_konst_2bar.jpg  used on inp
ut line 795.
(pdftex.def)             Requested size: 204.85844pt x 153.6388pt.
 [38 <./Bilder/Ohne_2_bar/Strouhal_ohne_2bar.jpg> <./Bilder/konst_2_bar/Strouha
l_konst_2bar.jpg> <./Bilder/Ohne_2_bar/Contour_ohne_2bar.jpg> <./Bilder/konst_2
_bar/Contour_konst_2bar.jpg>] [39]
<Spektrum 1Bar 83Hz.jpg, id=190, 2569.6pt x 1368.11125pt>
File: Spektrum 1Bar 83Hz.jpg Graphic file (type jpg)
<use Spektrum 1Bar 83Hz.jpg>
Package pdftex.def Info: Spektrum 1Bar 83Hz.jpg  used on input line 825.
(pdftex.def)             Requested size: 455.24408pt x 242.36653pt.
<Contour plot 1bar 83Hz.jpg, id=191, 562.1pt x 421.575pt>
File: Contour plot 1bar 83Hz.jpg Graphic file (type jpg)
<use Contour plot 1bar 83Hz.jpg>
Package pdftex.def Info: Contour plot 1bar 83Hz.jpg  used on input line 832.
(pdftex.def)             Requested size: 364.19664pt x 273.14565pt.
 [40 <./Spektrum 1Bar 83Hz.jpg> <./Contour plot 1bar 83Hz.jpg>]
<Bilder/Nachlaufdellen.jpg, id=195, 2569.6pt x 1368.11125pt>
File: Bilder/Nachlaufdellen.jpg Graphic file (type jpg)
<use Bilder/Nachlaufdellen.jpg>
Package pdftex.def Info: Bilder/Nachlaufdellen.jpg  used on input line 853.
(pdftex.def)             Requested size: 455.24408pt x 242.36653pt.
 [41] [42 <./Bilder/Nachlaufdellen.jpg>]
<Bilder/Tabelle_Varianzen-Turbulenz.png, id=203, 890.5772pt x 413.29407pt>
File: Bilder/Tabelle_Varianzen-Turbulenz.png Graphic file (type png)
<use Bilder/Tabelle_Varianzen-Turbulenz.png>
Package pdftex.def Info: Bilder/Tabelle_Varianzen-Turbulenz.png  used on input 
line 887.
(pdftex.def)             Requested size: 455.24408pt x 211.26907pt.
 [43]
<Bilder/Standardabweichung_Auswertung.jpg, id=207, 421.575pt x 316.18124pt>
File: Bilder/Standardabweichung_Auswertung.jpg Graphic file (type jpg)
<use Bilder/Standardabweichung_Auswertung.jpg>
Package pdftex.def Info: Bilder/Standardabweichung_Auswertung.jpg  used on inpu
t line 896.
(pdftex.def)             Requested size: 455.24408pt x 341.4417pt.
 [44 <./Bilder/Tabelle_Varianzen-Turbulenz.png>] [45 <./Bilder/Standardabweichu
ng_Auswertung.jpg>]
<Bilder/Tabelle_mit_Std_diff.png, id=215, 690.32906pt x 239.39438pt>
File: Bilder/Tabelle_mit_Std_diff.png Graphic file (type png)
<use Bilder/Tabelle_mit_Std_diff.png>
Package pdftex.def Info: Bilder/Tabelle_mit_Std_diff.png  used on input line 90
9.
(pdftex.def)             Requested size: 455.24408pt x 157.87291pt.
<Bilder/konst_2_Bar/Nachlaufdelle_fit_konst_2bar.jpg, id=216, 562.1pt x 421.575
pt>
File: Bilder/konst_2_Bar/Nachlaufdelle_fit_konst_2bar.jpg Graphic file (type jp
g)
<use Bilder/konst_2_Bar/Nachlaufdelle_fit_konst_2bar.jpg>
Package pdftex.def Info: Bilder/konst_2_Bar/Nachlaufdelle_fit_konst_2bar.jpg  u
sed on input line 918.
(pdftex.def)             Requested size: 455.24408pt x 341.43527pt.

[46 <./Bilder/Tabelle_mit_Std_diff.png>] [47 <./Bilder/konst_2_Bar/Nachlaufdell
e_fit_konst_2bar.jpg>] [48] (document.aux)

LaTeX Warning: There were multiply-defined labels.

 ) 
Here is how much of TeX's memory you used:
 19864 strings out of 492484
 357751 string characters out of 3130516
 663100 words of memory out of 3000000
 23747 multiletter control sequences out of 15000+200000
 52189 words of font info for 81 fonts, out of 3000000 for 9000
 1141 hyphenation exceptions out of 8191
 60i,9n,60p,1199b,1697s stack positions out of 5000i,500n,10000p,200000b,50000s
 <C:\Users\nicol\AppData\Local\MiKTeX\2.9\fonts/pk/ljfour/jknappen/ec/dpi600\
ectt1000.pk>{C:/Program Files/MiKTeX 2.9/fonts/enc/dvips/base/8r.enc}<C:/Progra
m Files/MiKTeX 2.9/fonts/type1/public/amsfonts/cm/cmex10.pfb><C:/Program Files/
MiKTeX 2.9/fonts/type1/public/amsfonts/cm/cmmi10.pfb><C:/Program Files/MiKTeX 2
.9/fonts/type1/public/amsfonts/cm/cmr10.pfb><C:/Program Files/MiKTeX 2.9/fonts/
type1/public/amsfonts/cm/cmsy10.pfb><C:/Users/nicol/AppData/Roaming/MiKTeX/2.9/
fonts/type1/urw/symbol/usyr.pfb><C:/Users/nicol/AppData/Roaming/MiKTeX/2.9/font
s/type1/urw/symbol/usyr.pfb><C:/Users/nicol/AppData/Roaming/MiKTeX/2.9/fonts/ty
pe1/urw/times/utmb8a.pfb><C:/Users/nicol/AppData/Roaming/MiKTeX/2.9/fonts/type1
/urw/times/utmr8a.pfb><C:/Users/nicol/AppData/Roaming/MiKTeX/2.9/fonts/type1/ur
w/times/utmr8a.pfb><C:/Users/nicol/AppData/Roaming/MiKTeX/2.9/fonts/type1/urw/t
imes/utmri8a.pfb>
Output written on document.pdf (49 pages, 4157299 bytes).
PDF statistics:
 337 PDF objects out of 1000 (max. 8388607)
 0 named destinations out of 1000 (max. 500000)
 243 words of extra memory for PDF output out of 10000 (max. 10000000)

