\BOOKMARK [1][-]{section.1}{Einleitung}{}% 1
\BOOKMARK [1][-]{section.2}{Theoretische Grundlagen}{}% 2
\BOOKMARK [2][-]{subsection.2.1}{Stumpfk\366rperaerodynamik}{section.2}% 3
\BOOKMARK [3][-]{subsubsection.2.1.1}{Definition stumpfer K\366rper}{subsection.2.1}% 4
\BOOKMARK [3][-]{subsubsection.2.1.2}{Widerstand stumpfer K\366rper}{subsection.2.1}% 5
\BOOKMARK [3][-]{subsubsection.2.1.3}{Ma\337nahmen zur Verringerung des Widerstandes}{subsection.2.1}% 6
\BOOKMARK [3][-]{subsubsection.2.1.4}{Berechnung des Widerstandes stumpfer K\366rper}{subsection.2.1}% 7
\BOOKMARK [3][-]{subsubsection.2.1.5}{K\341rm\341nsche Wirbelstra\337e}{subsection.2.1}% 8
\BOOKMARK [2][-]{subsection.2.2}{Grundlagen der Spektralanalyse}{section.2}% 9
\BOOKMARK [2][-]{subsection.2.3}{Coanda-Effekt}{section.2}% 10
\BOOKMARK [3][-]{subsubsection.2.3.1}{Definition}{subsection.2.3}% 11
\BOOKMARK [3][-]{subsubsection.2.3.2}{Coanda-Effekt im Alltag}{subsection.2.3}% 12
\BOOKMARK [3][-]{subsubsection.2.3.3}{Ausblasungseffekt}{subsection.2.3}% 13
\BOOKMARK [3][-]{subsubsection.2.3.4}{Der Effekt der Ausblasung auf die Abl\366sung}{subsection.2.3}% 14
\BOOKMARK [3][-]{subsubsection.2.3.5}{Coanda-Effekt in der Stumpfk\366rperaerodynamik}{subsection.2.3}% 15
\BOOKMARK [2][-]{subsection.2.4}{Hitzdrahtmessung}{section.2}% 16
\BOOKMARK [3][-]{subsubsection.2.4.1}{Physikalisches Wirkprinzip}{subsection.2.4}% 17
\BOOKMARK [3][-]{subsubsection.2.4.2}{Kalibrierung}{subsection.2.4}% 18
\BOOKMARK [1][-]{section.3}{Kalibrierung}{}% 19
\BOOKMARK [2][-]{subsection.3.1}{Zielsetzung}{section.3}% 20
\BOOKMARK [2][-]{subsection.3.2}{Versuchsaufbau}{section.3}% 21
\BOOKMARK [2][-]{subsection.3.3}{Programmierung}{section.3}% 22
\BOOKMARK [3][-]{subsubsection.3.3.1}{LabVIEW Programm}{subsection.3.3}% 23
\BOOKMARK [3][-]{subsubsection.3.3.2}{Matlab Script}{subsection.3.3}% 24
\BOOKMARK [2][-]{subsection.3.4}{Fehlerabsch\344tzung}{section.3}% 25
\BOOKMARK [1][-]{section.4}{Windkanalversuche}{}% 26
\BOOKMARK [2][-]{subsection.4.1}{Aufbau}{section.4}% 27
\BOOKMARK [3][-]{subsubsection.4.1.1}{Windkanal LNB}{subsection.4.1}% 28
\BOOKMARK [3][-]{subsubsection.4.1.2}{Planung der Halterung}{subsection.4.1}% 29
\BOOKMARK [3][-]{subsubsection.4.1.3}{Modell}{subsection.4.1}% 30
\BOOKMARK [3][-]{subsubsection.4.1.4}{Einstellung des Modells}{subsection.4.1}% 31
\BOOKMARK [3][-]{subsubsection.4.1.5}{Verwendete Messtechnik}{subsection.4.1}% 32
\BOOKMARK [3][-]{subsubsection.4.1.6}{Programmierung}{subsection.4.1}% 33
\BOOKMARK [2][-]{subsection.4.2}{Testf\344lle mit zugeh\366rigen Ausblaseparametern}{section.4}% 34
\BOOKMARK [1][-]{section.5}{Auswertung}{}% 35
\BOOKMARK [2][-]{subsection.5.1}{Umrechnen der Daten}{section.5}% 36
\BOOKMARK [3][-]{subsubsection.5.1.1}{Temperaturkorrektur, Mittelwerte und Widerst\344nde}{subsection.5.1}% 37
\BOOKMARK [3][-]{subsubsection.5.1.2}{Varianzen}{subsection.5.1}% 38
\BOOKMARK [3][-]{subsubsection.5.1.3}{Spektra}{subsection.5.1}% 39
\BOOKMARK [2][-]{subsection.5.2}{Nachlaufdellen und ihre Widerst\344nde}{section.5}% 40
\BOOKMARK [2][-]{subsection.5.3}{Zustand ohne Ausblasung}{section.5}% 41
\BOOKMARK [2][-]{subsection.5.4}{Zust\344nde bei verschiedenen Aktuationsparametern}{section.5}% 42
\BOOKMARK [3][-]{subsubsection.5.4.1}{Maximaler Widerstand}{subsection.5.4}% 43
\BOOKMARK [3][-]{subsubsection.5.4.2}{Minimaler Widerstand}{subsection.5.4}% 44
\BOOKMARK [2][-]{subsection.5.5}{Gepulste Ausblasung}{section.5}% 45
\BOOKMARK [3][-]{subsubsection.5.5.1}{Zusammenhang der Auftretenden Frequenzen}{subsection.5.5}% 46
\BOOKMARK [3][-]{subsubsection.5.5.2}{Minimaler Widerstand}{subsection.5.5}% 47
\BOOKMARK [3][-]{subsubsection.5.5.3}{Maximaler Widerstand}{subsection.5.5}% 48
\BOOKMARK [3][-]{subsubsection.5.5.4}{Varianzen-Turbulenz \(Tabelle\)}{subsection.5.5}% 49
\BOOKMARK [2][-]{subsection.5.6}{Fehlerbetrachtung}{section.5}% 50
\BOOKMARK [1][-]{section.6}{Fazit}{}% 51
